<?xml version="1.0" encoding="UTF-8"?>
<testsuite xmlns:xsi="http://www.w3.org/2001/XMLSchema-instance" xsi:noNamespaceSchemaLocation="https://maven.apache.org/surefire/maven-surefire-plugin/xsd/surefire-test-report.xsd" name="DefaultPipelineSpec" time="9.739" tests="3" errors="0" skipped="0" failures="0">
  <properties>
[...]
</properties>
  <testcase name="Slack is notified when tests fail" classname="DefaultPipelineSpec" time="0.601"/>
  <testcase name="Attempts to deploy MASTER branch to PRODUCTION" classname="DefaultPipelineSpec" time="0.076"/>
  <testcase name="Does NOT attempt to deploy non-MASTER branch PRODUCTION" classname="DefaultPipelineSpec" time="0.092"/>
</testsuite>